Simulation with SEED = 1
Duration: 1500 flow: 1500
TTI Length: 32ms 
Scheduler NB RR 
Created eNB - id 1 position (0;0)
ZONE 6 LOW EDGE 363 DISTANCE 398.853
Created UE - id 2 position 282.032 282.032
CREATED CBR APPLICATION, ID 0
TX CBR ID 0 B 0 SIZE 133 SRC 2 DST 1 T 21.934
RACH INFO SF 22080 WIN 1 COLLISIONS 0 TOT 1
	 UE 2 mcs 6 data to translate: 16 sinr 9.37732 -4.48028 20.6717 11.4666 22.5067 22.5319 24.5985 15.5438 11.5863 20.1299 22.981 22.4929 21.4664 17.7866 22.4234 17.1736 27.9733 14.4201 19.8008 17.044 19.0443 18.6987 21.1263 25.6126 18.1203 16.8567 14.9392 21.8126 23.7883 11.5723 19.3761 14.1181 27.5173 4.51172 14.9001 -3.95028 24.9651 10.6401 26.0109 24.2074 11.0562 22.0705 29.0923 24.0764 18.0698 23.7277 21.9795 17.2106 18.848 effective_sinr 16.9139
**** NO PHY ERROR (node 1) ****
	 UE 2 mcs 6 data to translate: 0 sinr 17.6748 12.3049 25.6181 7.28181 15.938 19.998 24.8726 17.3088 20.9197 21.3035 24.9134 25.9726 8.01181 19.5848 24.3252 25.5508 18.9558 9.35231 24.6918 8.78481 23.6019 17.8734 13.7679 21.0244 16.0593 17.8648 18.4048 16.0451 19.7528 23.4723 13.7022 20.9496 23.4676 10.4633 23.3745 21.131 13.9031 14.7678 23.7087 22.791 21.273 20.154 19.2712 19.5463 24.1834 23.2589 4.30681 18.4448 12.2666 effective_sinr 17.2139
**** NO PHY ERROR (node 1) ****
RX CBR ID 0 B 0 SIZE 128 SRC 2 DST 1 D 0.562
TX CBR ID 1 B 0 SIZE 133 SRC 2 DST 1 T 81.934
RACH INFO SF 82240 WIN 1 COLLISIONS 0 TOT 1
	 UE 2 mcs 6 data to translate: 16 sinr -13.491 -27.3486 -2.19664 -11.4017 -0.361638 -0.336439 1.73016 -7.32454 -11.282 -2.73845 0.112662 -0.375439 -1.40194 -5.08174 -0.444939 -5.69474 5.10496 -8.44824 -3.0676 -5.82434 -3.82407 -4.16962 -1.74204 2.74426 -4.74804 -6.01164 -7.92914 -1.05574 0.919962 -11.296 -3.49229 -8.75024 4.64896 -18.3566 -7.96824 -26.8186 2.09676 -12.2282 3.14256 1.33906 -11.8121 -0.797839 6.22396 1.20806 -4.79854 0.859361 -0.888838 -5.65774 -4.02032 effective_sinr -2.33607
**** YES PHY ERROR (node 1) ****
	 UE 2 mcs 6 data to translate: 0 sinr -5.3068 -10.6767 2.6365 -15.6998 -7.0436 -2.98366 1.891 -5.6728 -2.0619 -1.6781 1.9318 2.991 -14.9698 -3.39681 1.3436 2.5692 -4.02581 -13.6293 1.7102 -14.1968 0.620302 -5.1082 -9.2137 -1.9572 -6.9223 -5.1168 -4.57682 -6.9365 -3.2288 0.490701 -9.2794 -2.032 0.486002 -12.5183 0.392902 -1.8506 -9.0785 -8.2138 0.727102 -0.190598 -1.7086 -2.8276 -3.71037 -3.4353 1.2018 0.277302 -18.6748 -4.53683 -10.715 effective_sinr -2.63607
**** YES PHY ERROR (node 1) ****
TX CBR ID 2 B 0 SIZE 133 SRC 2 DST 1 T 141.934
RACH INFO SF 142080 WIN 1 COLLISIONS 0 TOT 1
	 UE 2 mcs 6 data to translate: 40 sinr -0.518378 -14.376 10.776 1.57092 12.611 12.6362 14.7028 5.64812 1.69062 10.2342 13.0853 12.5972 11.5707 7.89092 12.5277 7.27792 18.0776 4.52442 9.90506 7.14832 9.14859 8.80304 11.2306 15.7169 8.22462 6.96102 5.04352 11.9169 13.8926 1.67662 9.48037 4.22242 17.6216 -5.38398 5.00442 -13.846 15.0694 0.744422 16.1152 14.3117 1.16052 12.1748 19.1966 14.1807 8.17412 13.832 12.0838 7.31492 8.95234 effective_sinr 8.66393
**** NO PHY ERROR (node 1) ****
	 UE 2 mcs 6 data to translate: 40 sinr 1.42657 -4.69964 12.7666 8.03306 8.37073 -4.75564 8.99724 15.4573 3.93516 4.26406 1.29926 6.40476 10.4707 14.7321 10.38 6.22966 8.44865 10.1648 -0.695639 12.4749 5.64106 13.2634 6.32956 5.46186 14.4082 12.1296 13.1585 13.6337 11.2035 10.531 12.1902 6.70626 15.5913 3.83926 13.5245 8.55399 9.63333 7.50696 5.14276 7.43596 -3.38464 8.01676 13.6053 12.1891 13.2331 11.0118 5.28696 9.78936 9.29382 effective_sinr 8.41393
**** NO PHY ERROR (node 1) ****
RX CBR ID 1 B 0 SIZE 128 SRC 2 DST 1 D 60.786
	 UE 2 mcs 6 data to translate: 0 sinr -0.594533 -14.4521 10.6999 1.49477 12.5349 12.5601 14.6267 5.57197 1.61447 10.1581 13.0092 12.5211 11.4946 7.81477 12.4516 7.20177 18.0015 4.44827 9.82891 7.07217 9.07244 8.72689 11.1545 15.6408 8.14847 6.88487 4.96737 11.8408 13.8165 1.60047 9.40422 4.14627 17.5455 -5.46013 4.92827 -13.9221 14.9933 0.668267 16.0391 14.2356 1.08437 12.0987 19.1205 14.1046 8.09797 13.7559 12.0077 7.23877 8.87619 effective_sinr 8.56393
**** NO PHY ERROR (node 1) ****
RX CBR ID 2 B 0 SIZE 128 SRC 2 DST 1 D 0.978
TX CBR ID 3 B 0 SIZE 133 SRC 2 DST 1 T 201.934
RACH INFO SF 202240 WIN 1 COLLISIONS 0 TOT 1
	 UE 2 mcs 6 data to translate: 16 sinr 5.81708 -8.04052 17.1115 7.90638 18.9465 18.9717 21.0383 11.9836 8.02608 16.5697 19.4208 18.9327 17.9062 14.2264 18.8632 13.6134 24.4131 10.8599 16.2405 13.4838 15.484 15.1385 17.5661 22.0524 14.5601 13.2965 11.379 18.2524 20.2281 8.01208 15.8158 10.5579 23.9571 0.951477 11.3399 -7.51052 21.4049 7.07988 22.4507 20.6472 7.49598 18.5103 25.5321 20.5162 14.5096 20.1675 18.4193 13.6504 15.2878 effective_sinr 14.6639
**** NO PHY ERROR (node 1) ****
	 UE 2 mcs 6 data to translate: 0 sinr 13.9184 8.54846 21.8617 3.52536 12.1816 16.2415 21.1162 13.5524 17.1633 17.5471 21.157 22.2162 4.25536 15.8284 20.5688 21.7944 15.1994 5.59586 20.9354 5.02836 19.8455 14.117 10.0115 17.268 12.3029 14.1084 14.6483 12.2887 15.9964 19.7159 9.94576 17.1932 19.7112 6.70686 19.6181 17.3746 10.1467 11.0114 19.9523 19.0346 17.5166 16.3976 15.5148 15.7899 20.427 19.5025 0.550364 14.6883 8.51016 effective_sinr 14.6639
**** NO PHY ERROR (node 1) ****
RX CBR ID 3 B 0 SIZE 128 SRC 2 DST 1 D 0.722
TX CBR ID 4 B 0 SIZE 133 SRC 2 DST 1 T 261.934
RACH INFO SF 262080 WIN 1 COLLISIONS 0 TOT 1
	 UE 2 mcs 6 data to translate: 16 sinr 4.24866 -9.60894 15.5431 6.33796 17.3781 17.4033 19.4699 10.4152 6.45766 15.0012 17.8524 17.3643 16.3378 12.658 17.2948 12.045 22.8447 9.29146 14.6721 11.9154 13.9156 13.5701 15.9977 20.484 12.9917 11.7281 9.81056 16.684 18.6597 6.44366 14.2474 8.98946 22.3887 -0.616943 9.77146 -9.07894 19.8365 5.51146 20.8823 19.0788 5.92756 16.9419 23.9637 18.9478 12.9412 18.5991 16.8509 12.082 13.7194 effective_sinr 13.4639
**** NO PHY ERROR (node 1) ****
	 UE 2 mcs 6 data to translate: 0 sinr 12.8065 7.43664 20.7498 2.41354 11.0697 15.1297 20.0043 12.4405 16.0514 16.4352 20.0451 21.1043 3.14354 14.7165 19.4569 20.6825 14.0875 4.48404 19.8235 3.91654 18.7336 13.0051 8.89964 16.1561 11.191 12.9965 13.5365 11.1768 14.8845 18.604 8.83394 16.0813 18.5993 5.59504 18.5062 16.2627 9.03484 9.89954 18.8404 17.9227 16.4047 15.2857 14.403 14.678 19.3151 18.3906 -0.561458 13.5765 7.39834 effective_sinr 13.7639
**** NO PHY ERROR (node 1) ****
RX CBR ID 4 B 0 SIZE 128 SRC 2 DST 1 D 0.562
TX CBR ID 5 B 0 SIZE 133 SRC 2 DST 1 T 321.934
RACH INFO SF 322240 WIN 1 COLLISIONS 0 TOT 1
	 UE 2 mcs 6 data to translate: 16 sinr 4.24196 -9.61564 15.5364 6.33126 17.3714 17.3966 19.4632 10.4085 6.45096 14.9946 17.8457 17.3576 16.3311 12.6513 17.2881 12.0383 22.838 9.28476 14.6654 11.9087 13.9089 13.5634 15.991 20.4773 12.985 11.7214 9.80386 16.6773 18.653 6.43696 14.2407 8.98276 22.382 -0.623639 9.76476 -9.08564 19.8298 5.50476 20.8756 19.0721 5.92086 16.9352 23.957 18.9411 12.9345 18.5924 16.8442 12.0753 13.7127 effective_sinr 13.4639
**** NO PHY ERROR (node 1) ****
	 UE 2 mcs 6 data to translate: 0 sinr 12.6013 7.23138 20.5446 2.20828 10.8645 14.9244 19.7991 12.2353 15.8462 16.23 19.8399 20.8991 2.93828 14.5113 19.2517 20.4773 13.8823 4.27878 19.6183 3.71128 18.5284 12.7999 8.69438 15.9509 10.9858 12.7913 13.3313 10.9716 14.6793 18.3988 8.62868 15.8761 18.3941 5.38978 18.301 16.0575 8.82958 9.69428 18.6352 17.7175 16.1995 15.0805 14.1977 14.4728 19.1099 18.1854 -0.766724 13.3712 7.19308 effective_sinr 13.6639
**** NO PHY ERROR (node 1) ****
RX CBR ID 5 B 0 SIZE 128 SRC 2 DST 1 D 0.722
TX CBR ID 6 B 0 SIZE 133 SRC 2 DST 1 T 381.934
RACH INFO SF 382080 WIN 1 COLLISIONS 0 TOT 1
	 UE 2 mcs 6 data to translate: 16 sinr 9.62634 -4.23126 20.9207 11.7156 22.7557 22.7809 24.8475 15.7928 11.8353 20.3789 23.23 22.7419 21.7154 18.0356 22.6724 17.4226 28.2223 14.6691 20.0498 17.293 19.2933 18.9478 21.3753 25.8616 18.3693 17.1057 15.1882 22.0616 24.0373 11.8213 19.6251 14.3671 27.7663 4.76074 15.1491 -3.70126 25.2141 10.8891 26.2599 24.4564 11.3052 22.3195 29.3413 24.3254 18.3188 23.9767 22.2285 17.4596 19.0971 effective_sinr 17.0139
**** NO PHY ERROR (node 1) ****
	 UE 2 mcs 6 data to translate: 0 sinr 18.4143 13.0444 26.3576 8.02126 16.6775 20.7374 25.6121 18.0483 21.6592 22.043 25.6529 26.7121 8.75126 20.3242 25.0647 26.2903 19.6952 10.0918 25.4313 9.52426 24.3414 18.6129 14.5074 21.7639 16.7988 18.6043 19.1442 16.7846 20.4923 24.2118 14.4417 21.6891 24.2071 11.2028 24.114 21.8705 14.6426 15.5073 24.4482 23.5305 22.0125 20.8935 20.0107 20.2858 24.9229 23.9984 5.04626 19.1842 13.0061 effective_sinr 17.7139
**** NO PHY ERROR (node 1) ****
RX CBR ID 6 B 0 SIZE 128 SRC 2 DST 1 D 0.562
TX CBR ID 7 B 0 SIZE 133 SRC 2 DST 1 T 441.934
RACH INFO SF 442240 WIN 1 COLLISIONS 0 TOT 1
	 UE 2 mcs 6 data to translate: 16 sinr 10.8256 -3.03204 22.12 12.9149 23.955 23.9802 26.0468 16.9921 13.0346 21.5781 24.4293 23.9412 22.9147 19.2349 23.8717 18.6219 29.4216 15.8684 21.249 18.4923 20.4925 20.147 22.5746 27.0609 19.5686 18.305 16.3875 23.2609 25.2366 13.0206 20.8243 15.5664 28.9656 5.95996 16.3484 -2.50204 26.4134 12.0884 27.4592 25.6557 12.5045 23.5188 30.5406 25.5247 19.5181 25.176 23.4278 18.6589 20.2963 effective_sinr 17.6139
**** NO PHY ERROR (node 1) ****
	 UE 2 mcs 6 data to translate: 0 sinr 19.8463 14.4764 27.7896 9.45329 18.1095 22.1694 27.0441 19.4803 23.0912 23.475 27.0849 28.1441 10.1833 21.7563 26.4967 27.7223 21.1273 11.5238 26.8633 10.9563 25.7734 20.0449 15.9394 23.1959 18.2308 20.0363 20.5763 18.2166 21.9243 25.6438 15.8737 23.1211 25.6391 12.6348 25.546 23.3025 16.0746 16.9393 25.8802 24.9625 23.4445 22.3255 21.4427 21.7178 26.3549 25.4304 6.47829 20.6163 14.4381 effective_sinr 18.4639
**** NO PHY ERROR (node 1) ****
RX CBR ID 7 B 0 SIZE 128 SRC 2 DST 1 D 0.722
TX CBR ID 8 B 0 SIZE 133 SRC 2 DST 1 T 501.934
RACH INFO SF 502080 WIN 1 COLLISIONS 0 TOT 1
	 UE 2 mcs 6 data to translate: 16 sinr 16.8139 2.95633 28.1083 18.9032 29.9433 29.9685 32.0351 22.9804 19.0229 27.5665 30.4176 29.9295 28.903 25.2232 29.86 24.6102 35.4099 21.8567 27.2374 24.4806 26.4809 26.1354 28.5629 33.0492 25.5569 24.2933 22.3758 29.2492 31.2249 19.0089 26.8127 21.5547 34.9539 11.9483 22.3367 3.48633 32.4017 18.0767 33.4475 31.644 18.4928 29.5071 36.5289 31.513 25.5064 31.1643 29.4161 24.6472 26.2847 effective_sinr 20.0139
**** NO PHY ERROR (node 1) ****
	 UE 2 mcs 6 data to translate: 0 sinr 25.4452 20.0753 33.3885 15.0522 23.7084 27.7684 32.643 25.0792 28.6901 29.0739 32.6838 33.743 15.7822 27.3552 32.0956 33.3212 26.7262 17.1227 32.4622 16.5552 31.3723 25.6438 21.5383 28.7948 23.8297 25.6352 26.1752 23.8155 27.5232 31.2427 21.4726 28.72 31.238 18.2337 31.1449 28.9014 21.6735 22.5382 31.4791 30.5614 29.0434 27.9244 27.0416 27.3167 31.9538 31.0293 12.0772 26.2152 20.037 effective_sinr 21.1639
**** NO PHY ERROR (node 1) ****
RX CBR ID 8 B 0 SIZE 128 SRC 2 DST 1 D 0.562
TX CBR ID 9 B 0 SIZE 133 SRC 2 DST 1 T 561.934
RACH INFO SF 562240 WIN 1 COLLISIONS 0 TOT 1
	 UE 2 mcs 6 data to translate: 16 sinr 28.4564 14.5988 39.7508 30.5457 41.5858 41.611 43.6776 34.6229 30.6654 39.209 42.0601 41.572 40.5455 36.8657 41.5025 36.2527 47.0524 33.4992 38.8798 36.1231 38.1234 37.7778 40.2054 44.6917 37.1994 35.9358 34.0183 40.8917 42.8674 30.6514 38.4552 33.1972 46.5964 23.5908 33.9792 15.1288 44.0442 29.7192 45.09 43.2865 30.1353 41.1496 48.1714 43.1555 37.1489 42.8068 41.0586 36.2897 37.9271 effective_sinr 22.7639
**** NO PHY ERROR (node 1) ****
	 UE 2 mcs 6 data to translate: 0 sinr 37.3135 31.9436 45.2568 26.9205 35.5767 39.6367 44.5113 36.9475 40.5584 40.9422 44.5521 45.6113 27.6505 39.2235 43.9639 45.1895 38.5945 28.991 44.3305 28.4235 43.2406 37.5121 33.4066 40.6631 35.698 37.5035 38.0435 35.6838 39.3915 43.111 33.3409 40.5883 43.1063 30.102 43.0132 40.7697 33.5418 34.4065 43.3474 42.4297 40.9117 39.7927 38.91 39.185 43.8221 42.8976 23.9455 38.0835 31.9053 effective_sinr 26.9639
**** NO PHY ERROR (node 1) ****
RX CBR ID 9 B 0 SIZE 128 SRC 2 DST 1 D 0.722
TX CBR ID 10 B 0 SIZE 133 SRC 2 DST 1 T 621.934
RACH INFO SF 622080 WIN 1 COLLISIONS 0 TOT 1
	 UE 2 mcs 6 data to translate: 16 sinr 26.9078 13.0502 38.2022 28.9971 40.0372 40.0624 42.129 33.0743 29.1168 37.6604 40.5115 40.0234 38.9969 35.3171 39.9539 34.7041 45.5038 31.9506 37.3313 34.5745 36.5748 36.2292 38.6568 43.1431 35.6508 34.3872 32.4697 39.3431 41.3188 29.1028 36.9066 31.6486 45.0478 22.0422 32.4306 13.5802 42.4956 28.1706 43.5414 41.7379 28.5867 39.601 46.6228 41.6069 35.6003 41.2582 39.51 34.7411 36.3785 effective_sinr 22.3639
**** NO PHY ERROR (node 1) ****
	 UE 2 mcs 6 data to translate: 0 sinr 35.7076 30.3377 43.6509 25.3146 33.9708 38.0307 42.9054 35.3416 38.9525 39.3363 42.9462 44.0054 26.0446 37.6176 42.358 43.5836 36.9886 27.3851 42.7246 26.8176 41.6347 35.9062 31.8007 39.0572 34.0921 35.8976 36.4376 34.0779 37.7856 41.5051 31.735 38.9824 41.5004 28.4961 41.4073 39.1638 31.9359 32.8006 41.7415 40.8238 39.3058 38.1868 37.304 37.5791 42.2162 41.2917 22.3396 36.4775 30.2994 effective_sinr 26.0639
**** NO PHY ERROR (node 1) ****
RX CBR ID 10 B 0 SIZE 128 SRC 2 DST 1 D 0.562
TX CBR ID 11 B 0 SIZE 133 SRC 2 DST 1 T 681.934
RACH INFO SF 682240 WIN 1 COLLISIONS 0 TOT 1
	 UE 2 mcs 6 data to translate: 16 sinr 18.6104 4.75284 29.9048 20.6997 31.7398 31.765 33.8316 24.7769 20.8194 29.363 32.2141 31.726 30.6995 27.0197 31.6565 26.4067 37.2064 23.6532 29.0339 26.2771 28.2774 27.9319 30.3594 34.8457 27.3534 26.0898 24.1723 31.0457 33.0214 20.8054 28.6092 23.3512 36.7504 13.7448 24.1332 5.28284 34.1982 19.8732 35.244 33.4405 20.2893 31.3036 38.3254 33.3095 27.3029 32.9608 31.2126 26.4437 28.0812 effective_sinr 20.6139
**** NO PHY ERROR (node 1) ****
	 UE 2 mcs 6 data to translate: 0 sinr 27.1354 21.7655 35.0787 16.7424 25.3986 29.4585 34.3332 26.7694 30.3803 30.7641 34.374 35.4332 17.4724 29.0454 33.7858 35.0114 28.4164 18.8129 34.1524 18.2454 33.0625 27.334 23.2285 30.485 25.5199 27.3254 27.8654 25.5057 29.2134 32.9329 23.1628 30.4102 32.9282 19.9239 32.8351 30.5916 23.3637 24.2284 33.1693 32.2516 30.7336 29.6146 28.7318 29.0069 33.644 32.7195 13.7674 27.9054 21.7272 effective_sinr 21.8639
**** NO PHY ERROR (node 1) ****
RX CBR ID 11 B 0 SIZE 128 SRC 2 DST 1 D 0.722
TX CBR ID 12 B 0 SIZE 133 SRC 2 DST 1 T 741.934
RACH INFO SF 742080 WIN 1 COLLISIONS 0 TOT 1
	 UE 2 mcs 6 data to translate: 16 sinr 21.1472 7.28958 32.4416 23.2365 34.2766 34.3018 36.3684 27.3137 23.3562 31.8998 34.7509 34.2628 33.2363 29.5565 34.1933 28.9435 39.7432 26.19 31.5706 28.8139 30.8141 30.4686 32.8962 37.3825 29.8902 28.6266 26.7091 33.5825 35.5582 23.3422 31.1459 25.888 39.2872 16.2816 26.67 7.81958 36.735 22.41 37.7808 35.9773 22.8261 33.8404 40.8622 35.8463 29.8397 35.4976 33.7494 28.9805 30.6179 effective_sinr 21.2639
**** NO PHY ERROR (node 1) ****
	 UE 2 mcs 6 data to translate: 0 sinr 29.6471 24.2772 37.5904 19.2541 27.9103 31.9702 36.8449 29.2811 32.892 33.2758 36.8857 37.9449 19.9841 31.5571 36.2975 37.5231 30.9281 21.3246 36.6641 20.7571 35.5742 29.8457 25.7402 32.9967 28.0316 29.8371 30.3771 28.0174 31.7251 35.4446 25.6745 32.9219 35.4399 22.4356 35.3468 33.1033 25.8754 26.7401 35.681 34.7633 33.2453 32.1263 31.2435 31.5186 36.1557 35.2312 16.2791 30.417 24.2389 effective_sinr 23.0639
**** NO PHY ERROR (node 1) ****
RX CBR ID 12 B 0 SIZE 128 SRC 2 DST 1 D 0.562
TX CBR ID 13 B 0 SIZE 133 SRC 2 DST 1 T 801.934
RACH INFO SF 802240 WIN 1 COLLISIONS 0 TOT 1
	 UE 2 mcs 6 data to translate: 16 sinr 16.7832 2.9256 28.0776 18.8725 29.9126 29.9378 32.0044 22.9497 18.9922 27.5358 30.3869 29.8988 28.8723 25.1925 29.8293 24.5795 35.3792 21.826 27.2066 24.4499 26.4502 26.1046 28.5322 33.0185 25.5262 24.2626 22.3451 29.2185 31.1942 18.9782 26.7819 21.524 34.9232 11.9176 22.306 3.4556 32.371 18.046 33.4168 31.6133 18.4621 29.4764 36.4982 31.4823 25.4757 31.1336 29.3854 24.6165 26.2539 effective_sinr 20.0139
**** NO PHY ERROR (node 1) ****
	 UE 2 mcs 6 data to translate: 0 sinr 25.8584 20.4885 33.8017 15.4654 24.1216 28.1815 33.0562 25.4924 29.1033 29.4871 33.097 34.1562 16.1954 27.7684 32.5088 33.7344 27.1394 17.5359 32.8754 16.9684 31.7855 26.057 21.9515 29.208 24.2429 26.0484 26.5883 24.2287 27.9364 31.6559 21.8858 29.1332 31.6512 18.6469 31.5581 29.3146 22.0867 22.9514 31.8923 30.9746 29.4566 28.3376 27.4548 27.7299 32.367 31.4425 12.4904 26.6283 20.4502 effective_sinr 21.3639
**** NO PHY ERROR (node 1) ****
RX CBR ID 13 B 0 SIZE 128 SRC 2 DST 1 D 0.722
TX CBR ID 14 B 0 SIZE 133 SRC 2 DST 1 T 861.934
RACH INFO SF 862080 WIN 1 COLLISIONS 0 TOT 1
	 UE 2 mcs 6 data to translate: 16 sinr 22.947 9.08939 34.2414 25.0363 36.0764 36.1016 38.1682 29.1135 25.156 33.6996 36.5507 36.0626 35.0361 31.3563 35.9931 30.7433 41.543 27.9898 33.3704 30.6137 32.614 32.2684 34.696 39.1823 31.69 30.4264 28.5089 35.3823 37.358 25.142 32.9457 27.6878 41.087 18.0814 28.4698 9.61939 38.5348 24.2098 39.5806 37.7771 24.6259 35.6402 42.662 37.6461 31.6395 37.2974 35.5492 30.7803 32.4177 effective_sinr 21.6639
**** NO PHY ERROR (node 1) ****
	 UE 2 mcs 6 data to translate: 0 sinr 31.2705 25.9006 39.2138 20.8775 29.5337 33.5936 38.4683 30.9045 34.5154 34.8992 38.5091 39.5683 21.6075 33.1805 37.9209 39.1465 32.5515 22.948 38.2875 22.3805 37.1976 31.4691 27.3636 34.6201 29.655 31.4605 32.0005 29.6408 33.3485 37.068 27.2979 34.5453 37.0633 24.059 36.9702 34.7267 27.4988 28.3635 37.3044 36.3867 34.8687 33.7497 32.8669 33.142 37.7791 36.8546 17.9025 32.0404 25.8623 effective_sinr 23.8639
**** NO PHY ERROR (node 1) ****
RX CBR ID 14 B 0 SIZE 128 SRC 2 DST 1 D 0.562
TX CBR ID 15 B 0 SIZE 133 SRC 2 DST 1 T 921.934
RACH INFO SF 922240 WIN 1 COLLISIONS 0 TOT 1
	 UE 2 mcs 6 data to translate: 16 sinr 18.575 4.71743 29.8694 20.6643 31.7044 31.7296 33.7962 24.7415 20.784 29.3276 32.1787 31.6906 30.6641 26.9843 31.6211 26.3713 37.171 23.6178 28.9985 26.2417 28.242 27.8964 30.324 34.8103 27.318 26.0544 24.1369 31.0103 32.986 20.77 28.5738 23.3158 36.715 13.7094 24.0978 5.24743 34.1628 19.8378 35.2086 33.4051 20.2539 31.2682 38.29 33.2741 27.2675 32.9254 31.1772 26.4083 28.0457 effective_sinr 20.6139
**** NO PHY ERROR (node 1) ****
	 UE 2 mcs 6 data to translate: 0 sinr 26.9949 21.625 34.9382 16.6019 25.2581 29.318 34.1927 26.6289 30.2398 30.6236 34.2335 35.2927 17.3319 28.9049 33.6453 34.8709 28.2759 18.6724 34.0119 18.1049 32.922 27.1935 23.088 30.3445 25.3794 27.1849 27.7249 25.3652 29.0729 32.7924 23.0223 30.2697 32.7877 19.7834 32.6946 30.4511 23.2232 24.0879 33.0288 32.1111 30.5931 29.4741 28.5913 28.8664 33.5035 32.579 13.6269 27.7648 21.5867 effective_sinr 21.8639
**** NO PHY ERROR (node 1) ****
RX CBR ID 15 B 0 SIZE 128 SRC 2 DST 1 D 0.722
TX CBR ID 16 B 0 SIZE 133 SRC 2 DST 1 T 981.934
RACH INFO SF 982080 WIN 1 COLLISIONS 0 TOT 1
	 UE 2 mcs 6 data to translate: 16 sinr 20.8141 6.95649 32.1085 22.9034 33.9435 33.9687 36.0353 26.9806 23.0231 31.5667 34.4178 33.9297 32.9032 29.2234 33.8602 28.6104 39.4101 25.8569 31.2375 28.4808 30.4811 30.1355 32.5631 37.0494 29.5571 28.2935 26.376 33.2494 35.2251 23.0091 30.8128 25.5549 38.9541 15.9485 26.3369 7.48649 36.4019 22.0769 37.4477 35.6442 22.493 33.5073 40.5291 35.5132 29.5066 35.1645 33.4163 28.6474 30.2848 effective_sinr 21.1639
**** NO PHY ERROR (node 1) ****
	 UE 2 mcs 6 data to translate: 0 sinr 29.2441 23.8742 37.1874 18.8511 27.5073 31.5673 36.4419 28.8781 32.489 32.8728 36.4827 37.5419 19.5811 31.1541 35.8945 37.1201 30.5251 20.9216 36.2611 20.3541 35.1712 29.4427 25.3372 32.5937 27.6286 29.4341 29.9741 27.6144 31.3221 35.0416 25.2715 32.5189 35.0369 22.0326 34.9438 32.7003 25.4724 26.3371 35.278 34.3603 32.8423 31.7233 30.8406 31.1156 35.7527 34.8282 15.8761 30.0141 23.8359 effective_sinr 22.8639
**** NO PHY ERROR (node 1) ****
RX CBR ID 16 B 0 SIZE 128 SRC 2 DST 1 D 0.562
TX CBR ID 17 B 0 SIZE 133 SRC 2 DST 1 T 1041.93
RACH INFO SF 1042240 WIN 1 COLLISIONS 0 TOT 1
	 UE 2 mcs 6 data to translate: 16 sinr 14.1107 0.253068 25.4051 16.2 27.2401 27.2653 29.3319 20.2772 16.3197 24.8633 27.7144 27.2263 26.1998 22.52 27.1568 21.907 32.7067 19.1535 24.5341 21.7774 23.7776 23.4321 25.8597 30.346 22.8537 21.5901 19.6726 26.546 28.5217 16.3057 24.1094 18.8515 32.2507 9.24507 19.6335 0.783068 29.6985 15.3735 30.7443 28.9408 15.7896 26.8039 33.8257 28.8098 22.8032 28.4611 26.7129 21.944 23.5814 effective_sinr 19.0639
**** NO PHY ERROR (node 1) ****
	 UE 2 mcs 6 data to translate: 0 sinr 23.3512 17.9813 31.2945 12.9582 21.6144 25.6743 30.549 22.9852 26.5961 26.9799 30.5898 31.649 13.6882 25.2611 30.0016 31.2272 24.6321 15.0287 30.3682 14.4612 29.2783 23.5498 19.4443 26.7008 21.7357 23.5412 24.0811 21.7215 25.4292 29.1487 19.3786 26.626 29.144 16.1397 29.0509 26.8074 19.5795 20.4442 29.3851 28.4674 26.9494 25.8304 24.9476 25.2227 29.8598 28.9353 9.98315 24.1211 17.943 effective_sinr 20.2139
**** NO PHY ERROR (node 1) ****
RX CBR ID 17 B 0 SIZE 128 SRC 2 DST 1 D 0.722
TX CBR ID 18 B 0 SIZE 133 SRC 2 DST 1 T 1101.93
RACH INFO SF 1102080 WIN 1 COLLISIONS 0 TOT 1
	 UE 2 mcs 6 data to translate: 16 sinr 25.6164 11.7588 36.9108 27.7057 38.7458 38.771 40.8376 31.7829 27.8254 36.369 39.2201 38.732 37.7055 34.0257 38.6625 33.4127 44.2124 30.6592 36.0398 33.2831 35.2834 34.9378 37.3654 41.8517 34.3594 33.0958 31.1783 38.0517 40.0274 27.8114 35.6151 30.3572 43.7564 20.7508 31.1392 12.2888 41.2042 26.8792 42.25 40.4465 27.2953 38.3096 45.3314 40.3155 34.3089 39.9668 38.2186 33.4497 35.0871 effective_sinr 22.1639
**** NO PHY ERROR (node 1) ****
	 UE 2 mcs 6 data to translate: 0 sinr 34.1951 28.8252 42.1384 23.8021 32.4583 36.5182 41.3929 33.8291 37.44 37.8238 41.4337 42.4929 24.5321 36.1051 40.8455 42.0711 35.4761 25.8726 41.2121 25.3051 40.1222 34.3937 30.2882 37.5447 32.5796 34.3851 34.9251 32.5654 36.2731 39.9926 30.2225 37.4699 39.9879 26.9836 39.8948 37.6513 30.4234 31.2881 40.229 39.3113 37.7933 36.6743 35.7915 36.0666 40.7037 39.7792 20.8271 34.965 28.7869 effective_sinr 25.3139
**** NO PHY ERROR (node 1) ****
RX CBR ID 18 B 0 SIZE 128 SRC 2 DST 1 D 0.562
TX CBR ID 19 B 0 SIZE 133 SRC 2 DST 1 T 1161.93
RACH INFO SF 1162240 WIN 1 COLLISIONS 0 TOT 1
	 UE 2 mcs 6 data to translate: 16 sinr 22.1871 8.32949 33.4815 24.2764 35.3165 35.3417 37.4083 28.3536 24.3961 32.9397 35.7908 35.3027 34.2762 30.5964 35.2332 29.9834 40.7831 27.2299 32.6105 29.8538 31.8541 31.5085 33.9361 38.4224 30.9301 29.6665 27.749 34.6224 36.5981 24.3821 32.1858 26.9279 40.3271 17.3215 27.7099 8.85949 37.7749 23.4499 38.8207 37.0172 23.866 34.8803 41.9021 36.8862 30.8796 36.5375 34.7893 30.0204 31.6578 effective_sinr 21.4639
**** NO PHY ERROR (node 1) ****
	 UE 2 mcs 6 data to translate: 0 sinr 31.025 25.6551 38.9683 20.632 29.2882 33.3482 38.2228 30.659 34.2699 34.6537 38.2636 39.3228 21.362 32.935 37.6754 38.901 32.306 22.7025 38.042 22.135 36.9521 31.2236 27.1181 34.3746 29.4095 31.215 31.755 29.3953 33.103 36.8225 27.0524 34.2998 36.8178 23.8135 36.7247 34.4812 27.2533 28.118 37.0589 36.1412 34.6232 33.5042 32.6215 32.8965 37.5336 36.6091 17.657 31.795 25.6168 effective_sinr 23.7639
**** NO PHY ERROR (node 1) ****
RX CBR ID 19 B 0 SIZE 128 SRC 2 DST 1 D 0.722
TX CBR ID 20 B 0 SIZE 133 SRC 2 DST 1 T 1221.93
RACH INFO SF 1222080 WIN 1 COLLISIONS 0 TOT 1
	 UE 2 mcs 6 data to translate: 16 sinr 17.4684 3.61085 28.7628 19.5577 30.5978 30.623 32.6896 23.6349 19.6774 28.221 31.0721 30.584 29.5575 25.8777 30.5145 25.2647 36.0644 22.5112 27.8919 25.1351 27.1354 26.7899 29.2174 33.7037 26.2114 24.9478 23.0303 29.9037 31.8794 19.6634 27.4672 22.2092 35.6084 12.6028 22.9912 4.14085 33.0562 18.7312 34.102 32.2985 19.1473 30.1616 37.1834 32.1675 26.1609 31.8188 30.0706 25.3017 26.9392 effective_sinr 20.3139
**** NO PHY ERROR (node 1) ****
	 UE 2 mcs 6 data to translate: 0 sinr 26.0409 20.671 33.9842 15.6479 24.3041 28.364 33.2387 25.6749 29.2858 29.6696 33.2795 34.3387 16.3779 27.9509 32.6913 33.9169 27.3219 17.7184 33.0579 17.1509 31.968 26.2395 22.134 29.3905 24.4254 26.2309 26.7709 24.4112 28.1189 31.8384 22.0683 29.3157 31.8337 18.8294 31.7406 29.4971 22.2692 23.1339 32.0748 31.1571 29.6391 28.5201 27.6373 27.9124 32.5495 31.625 12.6729 26.8109 20.6327 effective_sinr 21.3639
**** NO PHY ERROR (node 1) ****
RX CBR ID 20 B 0 SIZE 128 SRC 2 DST 1 D 0.562
TX CBR ID 21 B 0 SIZE 133 SRC 2 DST 1 T 1281.93
RACH INFO SF 1282240 WIN 1 COLLISIONS 0 TOT 1
	 UE 2 mcs 6 data to translate: 16 sinr 7.66729 -6.19031 18.9617 9.75659 20.7967 20.8219 22.8885 13.8338 9.87629 18.4199 21.271 20.7829 19.7564 16.0766 20.7134 15.4636 26.2633 12.7101 18.0907 15.334 17.3343 16.9887 19.4163 23.9026 16.4103 15.1467 13.2292 20.1026 22.0783 9.86229 17.666 12.4081 25.8073 2.80169 13.1901 -5.66031 23.2551 8.93009 24.3009 22.4974 9.34619 20.3605 27.3823 22.3664 16.3598 22.0177 20.2695 15.5006 17.138 effective_sinr 15.9139
**** NO PHY ERROR (node 1) ****
	 UE 2 mcs 6 data to translate: 0 sinr 16.2112 10.8413 24.1545 5.81822 14.4744 18.5344 23.409 15.8452 19.4561 19.8399 23.4498 24.509 6.54822 18.1212 22.8616 24.0872 17.4922 7.88872 23.2282 7.32122 22.1383 16.4098 12.3043 19.5608 14.5957 16.4012 16.9412 14.5815 18.2892 22.0087 12.2386 19.486 22.004 8.99972 21.9109 19.6674 12.4395 13.3042 22.2451 21.3274 19.8094 18.6904 17.8076 18.0827 22.7198 21.7953 2.84322 16.9812 10.803 effective_sinr 16.3139
**** NO PHY ERROR (node 1) ****
RX CBR ID 21 B 0 SIZE 128 SRC 2 DST 1 D 0.722
TX CBR ID 22 B 0 SIZE 133 SRC 2 DST 1 T 1341.93
RACH INFO SF 1342080 WIN 1 COLLISIONS 0 TOT 1
	 UE 2 mcs 6 data to translate: 16 sinr 6.96433 -6.89327 18.2587 9.05363 20.0937 20.1189 22.1855 13.1308 9.17333 17.7169 20.568 20.0799 19.0534 15.3736 20.0104 14.7606 25.5603 12.0071 17.3878 14.631 16.6313 16.2858 18.7133 23.1996 15.7073 14.4437 12.5262 19.3996 21.3753 9.15933 16.9631 11.7051 25.1043 2.09873 12.4871 -6.36327 22.5521 8.22713 23.5979 21.7944 8.64323 19.6575 26.6793 21.6634 15.6568 21.3147 19.5665 14.7976 16.4351 effective_sinr 15.4139
**** NO PHY ERROR (node 1) ****
	 UE 2 mcs 6 data to translate: 0 sinr 15.2401 9.87017 23.1834 4.84707 13.5033 17.5632 22.4379 14.8741 18.485 18.8688 22.4787 23.5379 5.57707 17.1501 21.8905 23.1161 16.5211 6.91757 22.2571 6.35007 21.1672 15.4387 11.3332 18.5897 13.6246 15.4301 15.97 13.6104 17.3181 21.0376 11.2675 18.5149 21.0329 8.02857 20.9398 18.6963 11.4684 12.3331 21.274 20.3563 18.8383 17.7193 16.8365 17.1116 21.7487 20.8242 1.87207 16.01 9.83187 effective_sinr 15.7139
**** NO PHY ERROR (node 1) ****
RX CBR ID 22 B 0 SIZE 128 SRC 2 DST 1 D 0.562
TX CBR ID 23 B 0 SIZE 133 SRC 2 DST 1 T 1401.93
RACH INFO SF 1402240 WIN 1 COLLISIONS 0 TOT 1
	 UE 2 mcs 6 data to translate: 16 sinr -6.43019 -20.2878 4.86421 -4.34089 6.69921 6.72441 8.79101 -0.263694 -4.22119 4.3224 7.17351 6.68541 5.65891 1.97911 6.61591 1.36611 12.1658 -1.38739 3.99325 1.23651 3.23678 2.89123 5.31881 9.80511 2.31281 1.04921 -0.868294 6.00511 7.98081 -4.23519 3.56856 -1.68939 11.7098 -11.2958 -0.907394 -19.7578 9.15761 -5.16739 10.2034 8.39991 -4.75129 6.26301 13.2848 8.26891 2.26231 7.92021 6.17201 1.40311 3.04053 effective_sinr 2.61393
**** NO PHY ERROR (node 1) ****
	 UE 2 mcs 6 data to translate: 0 sinr 2.66045 -2.70945 10.6037 -7.73255 0.923647 4.98359 9.85825 2.29445 5.90535 6.28915 9.89905 10.9582 -7.00255 4.57044 9.31085 10.5364 3.94144 -5.66205 9.67745 -6.22955 8.58755 2.85905 -1.24645 6.01005 1.04495 2.85045 3.39043 1.03075 4.73845 8.45795 -1.31215 5.93525 8.45325 -4.55105 8.36015 6.11665 -1.11125 -0.246553 8.69435 7.77665 6.25865 5.13965 4.25688 4.53195 9.16905 8.24455 -10.7076 3.43042 -2.74775 effective_sinr 3.11393
**** NO PHY ERROR (node 1) ****
RX CBR ID 23 B 0 SIZE 128 SRC 2 DST 1 D 0.722
TX CBR ID 24 B 0 SIZE 133 SRC 2 DST 1 T 1461.93
RACH INFO SF 1462080 WIN 1 COLLISIONS 0 TOT 1
	 UE 2 mcs 6 data to translate: 16 sinr 4.98359 -8.87401 16.278 7.07289 18.113 18.1382 20.2048 11.1501 7.19259 15.7362 18.5873 18.0992 17.0727 13.3929 18.0297 12.7799 23.5796 10.0264 15.407 12.6503 14.6506 14.305 16.7326 21.2189 13.7266 12.463 10.5455 17.4189 19.3946 7.17859 14.9823 9.72439 23.1236 0.117989 10.5064 -8.34401 20.5714 6.24639 21.6172 19.8137 6.66249 17.6768 24.6986 19.6827 13.6761 19.334 17.5858 12.8169 14.4543 effective_sinr 14.0639
**** NO PHY ERROR (node 1) ****
	 UE 2 mcs 6 data to translate: 0 sinr 13.7045 8.33462 21.6478 3.31152 11.9677 16.0277 20.9023 13.3385 16.9494 17.3332 20.9431 22.0023 4.04152 15.6145 20.3549 21.5805 14.9855 5.38202 20.7215 4.81452 19.6316 13.9031 9.79762 17.0541 12.089 13.8945 14.4345 12.0748 15.7825 19.502 9.73192 16.9793 19.4973 6.49302 19.4042 17.1607 9.93282 10.7975 19.7384 18.8207 17.3027 16.1837 15.3009 15.576 20.2131 19.2886 0.336516 14.4745 8.29632 effective_sinr 14.5639
**** NO PHY ERROR (node 1) ****
RX CBR ID 24 B 0 SIZE 128 SRC 2 DST 1 D 0.562
 SIMULATOR_DEBUG: Stop (9321032 events)
